# Logfile created on 2014-10-30 04:30:51 -0400 by logger.rb/31641
D, [2014-10-30T04:30:51.231959 #8508] DEBUG -- : REQUESTING PAGE: GET / with {} and HTTP headers {}
D, [2014-10-30T04:31:39.139643 #5732] DEBUG -- : REQUESTING PAGE: GET / with {} and HTTP headers {}
D, [2014-10-30T04:32:49.831368 #6408] DEBUG -- : REQUESTING PAGE: GET / with {} and HTTP headers {}
D, [2014-10-30T04:37:21.500846 #2188] DEBUG -- : REQUESTING PAGE: GET / with {} and HTTP headers {}
D, [2014-10-30T04:49:11.267987 #1896] DEBUG -- : REQUESTING PAGE: GET / with {} and HTTP headers {}
D, [2014-10-30T04:50:39.990444 #8368] DEBUG -- : REQUESTING PAGE: GET / with {} and HTTP headers {}
D, [2014-10-30T04:50:40.037244 #8368] DEBUG -- : REQUESTING PAGE: GET / with {} and HTTP headers {}
D, [2014-10-30T04:55:25.242380 #4796] DEBUG -- : REQUESTING PAGE: GET / with {} and HTTP headers {}
D, [2014-10-30T04:59:07.825980 #5304] DEBUG -- : REQUESTING PAGE: GET / with {} and HTTP headers {}
D, [2014-10-30T04:59:07.950780 #5304] DEBUG -- : REQUESTING PAGE: GET /jugar with {"Jugar"=>"Jugar"} and HTTP headers {"HTTP_REFERER"=>"/"}
D, [2014-10-30T05:00:59.633765 #1940] DEBUG -- : REQUESTING PAGE: GET / with {} and HTTP headers {}
D, [2014-10-30T05:00:59.664965 #1940] DEBUG -- : REQUESTING PAGE: GET /jugar with {"Jugar"=>"Jugar"} and HTTP headers {"HTTP_REFERER"=>"/"}
D, [2014-10-30T05:01:51.788864 #8760] DEBUG -- : REQUESTING PAGE: GET / with {} and HTTP headers {}
D, [2014-10-30T05:01:51.835664 #8760] DEBUG -- : REQUESTING PAGE: GET /jugar with {"Jugar"=>"Jugar"} and HTTP headers {"HTTP_REFERER"=>"/"}
D, [2014-10-30T05:01:51.835664 #8760] DEBUG -- : REQUESTING PAGE: GET /jugar with {} and HTTP headers {"HTTP_REFERER"=>"/jugar"}
D, [2014-10-30T05:09:11.561411 #3968] DEBUG -- : REQUESTING PAGE: GET / with {} and HTTP headers {}
D, [2014-10-30T05:09:11.608211 #3968] DEBUG -- : REQUESTING PAGE: GET /jugar with {"Jugar"=>"Jugar"} and HTTP headers {"HTTP_REFERER"=>"/"}
D, [2014-10-30T05:09:11.608211 #3968] DEBUG -- : REQUESTING PAGE: GET /jugar with {} and HTTP headers {"HTTP_REFERER"=>"/jugar"}
D, [2014-10-30T05:11:37.048741 #4840] DEBUG -- : REQUESTING PAGE: GET / with {} and HTTP headers {}
D, [2014-10-30T05:11:37.095541 #4840] DEBUG -- : REQUESTING PAGE: GET /jugar with {"Jugar"=>"Jugar"} and HTTP headers {"HTTP_REFERER"=>"/"}
D, [2014-10-30T05:11:37.095541 #4840] DEBUG -- : REQUESTING PAGE: GET /jugar with {} and HTTP headers {"HTTP_REFERER"=>"/jugar"}
D, [2014-10-30T05:13:17.187523 #3204] DEBUG -- : REQUESTING PAGE: GET / with {} and HTTP headers {}
D, [2014-10-30T05:13:17.234323 #3204] DEBUG -- : REQUESTING PAGE: GET /jugar with {"Jugar"=>"Jugar"} and HTTP headers {"HTTP_REFERER"=>"/"}
D, [2014-10-30T05:13:17.234323 #3204] DEBUG -- : REQUESTING PAGE: GET /jugar with {} and HTTP headers {"HTTP_REFERER"=>"/jugar"}
D, [2014-10-30T05:18:13.337079 #9172] DEBUG -- : REQUESTING PAGE: GET / with {} and HTTP headers {}
D, [2014-10-30T05:18:13.383879 #9172] DEBUG -- : REQUESTING PAGE: GET / with {} and HTTP headers {}
D, [2014-10-30T05:18:13.383879 #9172] DEBUG -- : REQUESTING PAGE: GET /jugar with {"Jugar"=>"Jugar"} and HTTP headers {"HTTP_REFERER"=>"/"}
D, [2014-10-30T05:18:13.399479 #9172] DEBUG -- : REQUESTING PAGE: GET /jugar with {} and HTTP headers {"HTTP_REFERER"=>"/jugar"}
D, [2014-10-30T05:20:29.767863 #9108] DEBUG -- : REQUESTING PAGE: GET / with {} and HTTP headers {}
D, [2014-10-30T05:20:29.799063 #9108] DEBUG -- : REQUESTING PAGE: GET /jugar with {"Jugar"=>"Jugar"} and HTTP headers {"HTTP_REFERER"=>"/"}
D, [2014-10-30T05:20:29.814663 #9108] DEBUG -- : REQUESTING PAGE: GET /jugar with {} and HTTP headers {"HTTP_REFERER"=>"/jugar"}
D, [2014-10-30T05:21:45.596001 #1068] DEBUG -- : REQUESTING PAGE: GET / with {} and HTTP headers {}
D, [2014-10-30T05:21:45.642801 #1068] DEBUG -- : REQUESTING PAGE: GET /jugar with {"Jugar"=>"Jugar"} and HTTP headers {"HTTP_REFERER"=>"/"}
D, [2014-10-30T05:21:45.642801 #1068] DEBUG -- : REQUESTING PAGE: GET /jugar with {} and HTTP headers {"HTTP_REFERER"=>"/jugar"}
D, [2014-10-30T05:23:02.661149 #7176] DEBUG -- : REQUESTING PAGE: GET / with {} and HTTP headers {}
D, [2014-10-30T05:23:02.707949 #7176] DEBUG -- : REQUESTING PAGE: GET /jugar with {"Jugar"=>"Jugar"} and HTTP headers {"HTTP_REFERER"=>"/"}
D, [2014-10-30T05:23:02.707949 #7176] DEBUG -- : REQUESTING PAGE: GET /jugar with {} and HTTP headers {"HTTP_REFERER"=>"/jugar"}
D, [2014-10-30T05:23:02.707949 #7176] DEBUG -- : REQUESTING PAGE: GET / with {} and HTTP headers {}
D, [2014-10-30T05:25:24.542614 #4456] DEBUG -- : REQUESTING PAGE: GET / with {} and HTTP headers {}
D, [2014-10-30T05:25:24.573814 #4456] DEBUG -- : REQUESTING PAGE: GET /jugar with {"Jugar"=>"Jugar"} and HTTP headers {"HTTP_REFERER"=>"/"}
D, [2014-10-30T05:25:24.589414 #4456] DEBUG -- : REQUESTING PAGE: GET /jugar with {} and HTTP headers {"HTTP_REFERER"=>"/jugar"}
D, [2014-10-30T05:25:24.589414 #4456] DEBUG -- : REQUESTING PAGE: GET / with {} and HTTP headers {}
D, [2014-10-30T05:25:24.589414 #4456] DEBUG -- : REQUESTING PAGE: GET /agregar_palabras with {"agregar_palabras"=>"Agregar_Palabras"} and HTTP headers {"HTTP_REFERER"=>"/"}
D, [2014-10-30T05:25:53.457870 #1268] DEBUG -- : REQUESTING PAGE: GET / with {} and HTTP headers {}
D, [2014-10-30T05:25:53.504670 #1268] DEBUG -- : REQUESTING PAGE: GET /jugar with {"Jugar"=>"Jugar"} and HTTP headers {"HTTP_REFERER"=>"/"}
D, [2014-10-30T05:25:53.504670 #1268] DEBUG -- : REQUESTING PAGE: GET /jugar with {} and HTTP headers {"HTTP_REFERER"=>"/jugar"}
D, [2014-10-30T05:25:53.520270 #1268] DEBUG -- : REQUESTING PAGE: GET / with {} and HTTP headers {}
D, [2014-10-30T05:25:53.520270 #1268] DEBUG -- : REQUESTING PAGE: GET /agregar_palabras with {"agregar_palabras"=>"Agregar_Palabras"} and HTTP headers {"HTTP_REFERER"=>"/"}
D, [2014-10-30T05:27:34.320057 #1620] DEBUG -- : REQUESTING PAGE: GET / with {} and HTTP headers {}
D, [2014-10-30T05:27:34.351257 #1620] DEBUG -- : REQUESTING PAGE: GET /jugar with {"Jugar"=>"Jugar"} and HTTP headers {"HTTP_REFERER"=>"/"}
D, [2014-10-30T05:27:34.366857 #1620] DEBUG -- : REQUESTING PAGE: GET /jugar with {} and HTTP headers {"HTTP_REFERER"=>"/jugar"}
D, [2014-10-30T05:27:34.366857 #1620] DEBUG -- : REQUESTING PAGE: GET / with {} and HTTP headers {}
D, [2014-10-30T05:27:34.366857 #1620] DEBUG -- : REQUESTING PAGE: GET /agregar_palabras with {"agregar_palabras"=>"Agregar_Palabras"} and HTTP headers {"HTTP_REFERER"=>"/"}
D, [2014-10-30T05:28:59.447216 #8332] DEBUG -- : REQUESTING PAGE: GET / with {} and HTTP headers {}
D, [2014-10-30T05:28:59.494016 #8332] DEBUG -- : REQUESTING PAGE: GET /jugar with {"Jugar"=>"Jugar"} and HTTP headers {"HTTP_REFERER"=>"/"}
D, [2014-10-30T05:28:59.494016 #8332] DEBUG -- : REQUESTING PAGE: GET /jugar with {} and HTTP headers {"HTTP_REFERER"=>"/jugar"}
D, [2014-10-30T05:28:59.494016 #8332] DEBUG -- : REQUESTING PAGE: GET / with {} and HTTP headers {}
D, [2014-10-30T05:28:59.509616 #8332] DEBUG -- : REQUESTING PAGE: GET /agregar_palabras with {"agregar_palabras"=>"Agregar_Palabras"} and HTTP headers {"HTTP_REFERER"=>"/"}
D, [2014-10-30T05:29:34.978484 #6408] DEBUG -- : REQUESTING PAGE: GET / with {} and HTTP headers {}
D, [2014-10-30T05:29:35.027284 #6408] DEBUG -- : REQUESTING PAGE: GET /jugar with {"Jugar"=>"Jugar"} and HTTP headers {"HTTP_REFERER"=>"/"}
D, [2014-10-30T05:29:35.027284 #6408] DEBUG -- : REQUESTING PAGE: GET /jugar with {} and HTTP headers {"HTTP_REFERER"=>"/jugar"}
D, [2014-10-30T05:29:35.027284 #6408] DEBUG -- : REQUESTING PAGE: GET / with {} and HTTP headers {}
D, [2014-10-30T05:29:35.027284 #6408] DEBUG -- : REQUESTING PAGE: GET /agregar_palabras with {"agregar_palabras"=>"Agregar_Palabras"} and HTTP headers {"HTTP_REFERER"=>"/"}
D, [2014-10-30T05:30:02.075533 #6396] DEBUG -- : REQUESTING PAGE: GET / with {} and HTTP headers {}
D, [2014-10-30T05:30:02.122333 #6396] DEBUG -- : REQUESTING PAGE: GET /jugar with {"Jugar"=>"Jugar"} and HTTP headers {"HTTP_REFERER"=>"/"}
D, [2014-10-30T05:30:02.122333 #6396] DEBUG -- : REQUESTING PAGE: GET /jugar with {} and HTTP headers {"HTTP_REFERER"=>"/jugar"}
D, [2014-10-30T05:32:06.733218 #2012] DEBUG -- : REQUESTING PAGE: GET / with {} and HTTP headers {}
D, [2014-10-30T05:32:06.780018 #2012] DEBUG -- : REQUESTING PAGE: GET /jugar with {"Jugar"=>"Jugar"} and HTTP headers {"HTTP_REFERER"=>"/"}
D, [2014-10-30T05:32:06.780018 #2012] DEBUG -- : REQUESTING PAGE: GET /jugar with {} and HTTP headers {"HTTP_REFERER"=>"/jugar"}
D, [2014-10-30T05:32:06.795618 #2012] DEBUG -- : REQUESTING PAGE: GET /jugar with {} and HTTP headers {}
D, [2014-10-30T05:33:05.514932 #8760] DEBUG -- : REQUESTING PAGE: GET / with {} and HTTP headers {}
D, [2014-10-30T05:33:05.561732 #8760] DEBUG -- : REQUESTING PAGE: GET /jugar with {"Jugar"=>"Jugar"} and HTTP headers {"HTTP_REFERER"=>"/"}
D, [2014-10-30T05:33:05.561732 #8760] DEBUG -- : REQUESTING PAGE: GET /jugar with {} and HTTP headers {"HTTP_REFERER"=>"/jugar"}
D, [2014-10-30T05:33:05.577332 #8760] DEBUG -- : REQUESTING PAGE: GET /jugar with {} and HTTP headers {}
D, [2014-10-30T05:55:52.845918 #2376] DEBUG -- : REQUESTING PAGE: GET / with {} and HTTP headers {}
D, [2014-10-30T05:55:52.877118 #2376] DEBUG -- : REQUESTING PAGE: GET /jugar with {"Jugar"=>"Jugar"} and HTTP headers {"HTTP_REFERER"=>"/"}
D, [2014-10-30T05:55:52.892718 #2376] DEBUG -- : REQUESTING PAGE: GET /jugar with {} and HTTP headers {"HTTP_REFERER"=>"/jugar"}
D, [2014-10-30T05:55:52.892718 #2376] DEBUG -- : REQUESTING PAGE: GET /jugar with {} and HTTP headers {}
D, [2014-10-30T05:56:36.205006 #7060] DEBUG -- : REQUESTING PAGE: GET / with {} and HTTP headers {}
D, [2014-10-30T05:56:36.236206 #7060] DEBUG -- : REQUESTING PAGE: GET /jugar with {"Jugar"=>"Jugar"} and HTTP headers {"HTTP_REFERER"=>"/"}
D, [2014-10-30T05:56:36.251806 #7060] DEBUG -- : REQUESTING PAGE: GET /jugar with {} and HTTP headers {"HTTP_REFERER"=>"/jugar"}
D, [2014-10-30T05:56:36.251806 #7060] DEBUG -- : REQUESTING PAGE: GET /jugar with {} and HTTP headers {}
D, [2014-10-30T05:59:13.595101 #9112] DEBUG -- : REQUESTING PAGE: GET / with {} and HTTP headers {}
D, [2014-10-30T05:59:13.641901 #9112] DEBUG -- : REQUESTING PAGE: GET /jugar with {"Jugar"=>"Jugar"} and HTTP headers {"HTTP_REFERER"=>"/"}
D, [2014-10-30T05:59:13.641901 #9112] DEBUG -- : REQUESTING PAGE: GET /jugar with {} and HTTP headers {"HTTP_REFERER"=>"/jugar"}
D, [2014-10-30T05:59:13.641901 #9112] DEBUG -- : REQUESTING PAGE: GET /jugar with {} and HTTP headers {}
D, [2014-10-30T06:01:44.776301 #5796] DEBUG -- : REQUESTING PAGE: GET / with {} and HTTP headers {}
D, [2014-10-30T06:01:44.807502 #5796] DEBUG -- : REQUESTING PAGE: GET /jugar with {"Jugar"=>"Jugar"} and HTTP headers {"HTTP_REFERER"=>"/"}
D, [2014-10-30T06:01:44.807502 #5796] DEBUG -- : REQUESTING PAGE: GET /jugar with {} and HTTP headers {"HTTP_REFERER"=>"/jugar"}
D, [2014-10-30T06:01:44.823102 #5796] DEBUG -- : REQUESTING PAGE: GET /jugar with {} and HTTP headers {}
